<?xml version="1.0" encoding="UTF-8"?>
<!-- Generated by org.testng.reporters.JUnitXMLReporter -->
<testsuite ignored="0" hostname="DESKTOP-29SGP4L" failures="1" tests="3" name="Error Validations Test" time="11.842" errors="0" timestamp="2024-08-14T00:15:14 IST">
  <testcase classname="alankar.framework.tests.ErrorValidationsTest" name="LoginErrorValidation" time="0.381">
    <skipped/>
  </testcase> <!-- LoginErrorValidation -->
  <testcase classname="alankar.framework.tests.ErrorValidationsTest" name="LoginErrorValidation" time="0.34">
    <failure type="java.lang.AssertionError" message="expected [Incorrect email or password.] but found [Incorrect email password.]">
      <![CDATA[java.lang.AssertionError: expected [Incorrect email or password.] but found [Incorrect email password.]
at alankar.framework.tests.ErrorValidationsTest.LoginErrorValidation(ErrorValidationsTest.java:26)
at java.base/java.util.ArrayList.forEach(ArrayList.java:1511)
... Removed 31 stack frames]]>
    </failure>
  </testcase> <!-- LoginErrorValidation -->
  <testcase classname="alankar.framework.tests.ErrorValidationsTest" name="ProductErrorValidation" time="1.844"/>
</testsuite> <!-- Error Validations Test -->
