<?xml version="1.0" encoding="UTF-8"?>
<!-- Generated by org.testng.reporters.JUnitXMLReporter -->
<testsuite ignored="0" hostname="DESKTOP-29SGP4L" failures="0" tests="3" name="Submit Order Test" time="15.962" errors="0" timestamp="2024-08-14T00:15:02 IST">
  <testcase classname="alankar.framework.tests.SubmitOrderTest" name="submitOrder" time="2.655"/>
  <testcase classname="alankar.framework.tests.SubmitOrderTest" name="submitOrder" time="2.643"/>
  <testcase classname="alankar.framework.tests.SubmitOrderTest" name="OrderHistoryTest" time="0.469"/>
</testsuite> <!-- Submit Order Test -->
